app/build/intermediates/manifest_merge_blame_file/debug/manifest-merger-blame-debug-report.txt
1<?xml version="1.0" encoding="utf-8"?>
2<manifest xmlns:android="http://schemas.android.com/apk/res/android"
3    package="com.smartdental.care"
4    android:versionCode="1"
5    android:versionName="1.0" >
6
7    <uses-sdk
8        android:minSdkVersion="26"
9        android:targetSdkVersion="34" />
10
11    <uses-permission android:name="android.permission.INTERNET" />
11-->src\main\AndroidManifest.xml:5:5-67
11-->src\main\AndroidManifest.xml:5:22-64
12    <uses-permission android:name="android.permission.RECORD_AUDIO" />
12-->src\main\AndroidManifest.xml:6:5-71
12-->src\main\AndroidManifest.xml:6:22-68
13    <uses-permission android:name="android.permission.POST_NOTIFICATIONS" />
13-->src\main\AndroidManifest.xml:7:5-77
13-->src\main\AndroidManifest.xml:7:22-74
14    <uses-permission android:name="android.permission.SCHEDULE_EXACT_ALARM" />
14-->src\main\AndroidManifest.xml:8:5-79
14-->src\main\AndroidManifest.xml:8:22-76
15    <uses-permission android:name="android.permission.USE_EXACT_ALARM" />
15-->src\main\AndroidManifest.xml:9:5-74
15-->src\main\AndroidManifest.xml:9:22-71
16    <uses-permission android:name="android.permission.VIBRATE" />
16-->src\main\AndroidManifest.xml:10:5-66
16-->src\main\AndroidManifest.xml:10:22-63
17    <uses-permission android:name="android.permission.RECEIVE_BOOT_COMPLETED" />
17-->src\main\AndroidManifest.xml:11:5-81
17-->src\main\AndroidManifest.xml:11:22-78
18
19    <permission
19-->[androidx.core:core:1.12.0] AndroidManifest.xml:22:5-24:47
20        android:name="com.smartdental.care.DYNAMIC_RECEIVER_NOT_EXPORTED_PERMISSION"
20-->[androidx.core:core:1.12.0] AndroidManifest.xml:23:9-81
21        android:protectionLevel="signature" />
21-->[androidx.core:core:1.12.0] AndroidManifest.xml:24:9-44
22
23    <uses-permission android:name="com.smartdental.care.DYNAMIC_RECEIVER_NOT_EXPORTED_PERMISSION" />
23-->[androidx.core:core:1.12.0] AndroidManifest.xml:26:5-97
23-->[androidx.core:core:1.12.0] AndroidManifest.xml:26:22-94
24
25    <application
25-->src\main\AndroidManifest.xml:13:5-105:19
26        android:name="com.smartdental.care.SmartDentalApp"
26-->src\main\AndroidManifest.xml:14:9-39
27        android:allowBackup="true"
27-->src\main\AndroidManifest.xml:15:9-35
28        android:appComponentFactory="androidx.core.app.CoreComponentFactory"
28-->[androidx.core:core:1.12.0] AndroidManifest.xml:28:18-86
29        android:debuggable="true"
30        android:extractNativeLibs="false"
31        android:icon="@mipmap/ic_launcher"
31-->src\main\AndroidManifest.xml:16:9-43
32        android:label="@string/app_name"
32-->src\main\AndroidManifest.xml:17:9-41
33        android:roundIcon="@mipmap/ic_launcher_round"
33-->src\main\AndroidManifest.xml:18:9-54
34        android:supportsRtl="true"
34-->src\main\AndroidManifest.xml:19:9-35
35        android:testOnly="true"
36        android:theme="@style/Theme.SmartDentalCare"
36-->src\main\AndroidManifest.xml:20:9-53
37        android:usesCleartextTraffic="true" >
37-->src\main\AndroidManifest.xml:21:9-44
38        <activity
38-->src\main\AndroidManifest.xml:23:9-31:20
39            android:name="com.smartdental.care.ui.splash.SplashActivity"
39-->src\main\AndroidManifest.xml:24:13-53
40            android:exported="true"
40-->src\main\AndroidManifest.xml:25:13-36
41            android:theme="@style/Theme.SmartDentalCare" >
41-->src\main\AndroidManifest.xml:26:13-57
42            <intent-filter>
42-->src\main\AndroidManifest.xml:27:13-30:29
43                <action android:name="android.intent.action.MAIN" />
43-->src\main\AndroidManifest.xml:28:17-69
43-->src\main\AndroidManifest.xml:28:25-66
44
45                <category android:name="android.intent.category.LAUNCHER" />
45-->src\main\AndroidManifest.xml:29:17-77
45-->src\main\AndroidManifest.xml:29:27-74
46            </intent-filter>
47        </activity>
48        <activity android:name="com.smartdental.care.ui.onboarding.OnboardingActivity" />
48-->src\main\AndroidManifest.xml:33:9-70
48-->src\main\AndroidManifest.xml:33:19-67
49        <activity android:name="com.smartdental.care.ui.onboarding.ConsentActivity" />
49-->src\main\AndroidManifest.xml:34:9-67
49-->src\main\AndroidManifest.xml:34:19-64
50        <activity
50-->src\main\AndroidManifest.xml:36:9-39:58
51            android:name="com.smartdental.care.ui.login.DoctorLoginActivity"
51-->src\main\AndroidManifest.xml:37:13-57
52            android:exported="false"
52-->src\main\AndroidManifest.xml:38:13-37
53            android:windowSoftInputMode="adjustResize" />
53-->src\main\AndroidManifest.xml:39:13-55
54        <activity android:name="com.smartdental.care.ui.login.SignUpActivity" />
54-->src\main\AndroidManifest.xml:41:9-61
54-->src\main\AndroidManifest.xml:41:19-58
55        <activity android:name="com.smartdental.care.ui.login.ForgotPasswordActivity" />
55-->src\main\AndroidManifest.xml:42:9-69
55-->src\main\AndroidManifest.xml:42:19-66
56        <activity android:name="com.smartdental.care.ui.login.EmailOtpActivity" />
56-->src\main\AndroidManifest.xml:43:9-63
56-->src\main\AndroidManifest.xml:43:19-60
57        <activity android:name="com.smartdental.care.ui.login.VerifyOtpActivity" />
57-->src\main\AndroidManifest.xml:44:9-64
57-->src\main\AndroidManifest.xml:44:19-61
58        <activity android:name="com.smartdental.care.ui.login.ResetPasswordActivity" />
58-->src\main\AndroidManifest.xml:45:9-68
58-->src\main\AndroidManifest.xml:45:19-65
59
60        <!--
61          AuthCallbackActivity intercepts the magic link when the user taps
62          the "Sign In" button in their email.
63          URL scheme: smartdental://auth/callback
64        -->
65        <activity
65-->src\main\AndroidManifest.xml:52:9-79:20
66            android:name="com.smartdental.care.ui.login.AuthCallbackActivity"
66-->src\main\AndroidManifest.xml:53:13-58
67            android:exported="true"
67-->src\main\AndroidManifest.xml:54:13-36
68            android:launchMode="singleTask" >
68-->src\main\AndroidManifest.xml:55:13-44
69
70            <!-- OTP / Magic Link login -->
71            <intent-filter>
71-->src\main\AndroidManifest.xml:58:13-66:29
72                <action android:name="android.intent.action.VIEW" />
72-->src\main\AndroidManifest.xml:59:17-69
72-->src\main\AndroidManifest.xml:59:25-66
73
74                <category android:name="android.intent.category.DEFAULT" />
74-->src\main\AndroidManifest.xml:60:17-76
74-->src\main\AndroidManifest.xml:60:27-73
75                <category android:name="android.intent.category.BROWSABLE" />
75-->src\main\AndroidManifest.xml:61:17-78
75-->src\main\AndroidManifest.xml:61:27-75
76
77                <data
77-->src\main\AndroidManifest.xml:62:17-65:54
78                    android:host="auth"
78-->src\main\AndroidManifest.xml:64:21-40
79                    android:pathPrefix="/callback"
79-->src\main\AndroidManifest.xml:65:21-51
80                    android:scheme="smartdental" />
80-->src\main\AndroidManifest.xml:63:21-49
81            </intent-filter>
82
83            <!-- Password Reset link -->
84            <intent-filter>
84-->src\main\AndroidManifest.xml:69:13-77:29
85                <action android:name="android.intent.action.VIEW" />
85-->src\main\AndroidManifest.xml:59:17-69
85-->src\main\AndroidManifest.xml:59:25-66
86
87                <category android:name="android.intent.category.DEFAULT" />
87-->src\main\AndroidManifest.xml:60:17-76
87-->src\main\AndroidManifest.xml:60:27-73
88                <category android:name="android.intent.category.BROWSABLE" />
88-->src\main\AndroidManifest.xml:61:17-78
88-->src\main\AndroidManifest.xml:61:27-75
89
90                <data
90-->src\main\AndroidManifest.xml:62:17-65:54
91                    android:host="auth"
91-->src\main\AndroidManifest.xml:64:21-40
92                    android:pathPrefix="/reset"
92-->src\main\AndroidManifest.xml:65:21-51
93                    android:scheme="smartdental" />
93-->src\main\AndroidManifest.xml:63:21-49
94            </intent-filter>
95        </activity>
96        <activity android:name="com.smartdental.care.ui.dashboard.DoctorDashboardActivity" />
96-->src\main\AndroidManifest.xml:81:9-74
96-->src\main\AndroidManifest.xml:81:19-71
97        <activity android:name="com.smartdental.care.ui.dashboard.PatientRecordsActivity" />
97-->src\main\AndroidManifest.xml:82:9-73
97-->src\main\AndroidManifest.xml:82:19-70
98        <activity android:name="com.smartdental.care.ui.appointments.AppointmentsActivity" />
98-->src\main\AndroidManifest.xml:84:9-74
98-->src\main\AndroidManifest.xml:84:19-71
99        <activity android:name="com.smartdental.care.ui.appointments.PatientDetailActivity" />
99-->src\main\AndroidManifest.xml:85:9-75
99-->src\main\AndroidManifest.xml:85:19-72
100        <activity android:name="com.smartdental.care.ui.appointments.RegistrationActivity" />
100-->src\main\AndroidManifest.xml:86:9-74
100-->src\main\AndroidManifest.xml:86:19-71
101        <activity android:name="com.smartdental.care.ui.appointments.SignatureActivity" />
101-->src\main\AndroidManifest.xml:87:9-71
101-->src\main\AndroidManifest.xml:87:19-68
102        <activity android:name="com.smartdental.care.ui.appointments.ChartingActivity" />
102-->src\main\AndroidManifest.xml:88:9-70
102-->src\main\AndroidManifest.xml:88:19-67
103        <activity android:name="com.smartdental.care.ui.appointments.DoctorSpeechToTextActivity" />
103-->src\main\AndroidManifest.xml:89:9-80
103-->src\main\AndroidManifest.xml:89:19-77
104        <activity android:name="com.smartdental.care.ui.appointments.StlScanActivity" />
104-->src\main\AndroidManifest.xml:90:9-69
104-->src\main\AndroidManifest.xml:90:19-66
105        <activity android:name="com.smartdental.care.ui.appointments.DentalPhotoComparisonActivity" />
105-->src\main\AndroidManifest.xml:91:9-83
105-->src\main\AndroidManifest.xml:91:19-80
106        <activity android:name="com.smartdental.care.ui.appointments.BillingActivity" />
106-->src\main\AndroidManifest.xml:92:9-69
106-->src\main\AndroidManifest.xml:92:19-66
107        <activity android:name="com.smartdental.care.ui.dashboard.DoctorProfileActivity" />
107-->src\main\AndroidManifest.xml:93:9-72
107-->src\main\AndroidManifest.xml:93:19-69
108        <activity android:name="com.smartdental.care.ui.appointments.PrescriptionActivity" />
108-->src\main\AndroidManifest.xml:94:9-74
108-->src\main\AndroidManifest.xml:94:19-71
109        <activity android:name="com.smartdental.care.ui.appointments.PaymentSuccessActivity" />
109-->src\main\AndroidManifest.xml:95:9-76
109-->src\main\AndroidManifest.xml:95:19-73
110        <activity android:name="com.smartdental.care.ui.appointments.PatientNotesActivity" />
110-->src\main\AndroidManifest.xml:96:9-74
110-->src\main\AndroidManifest.xml:96:19-71
111        <activity android:name="com.smartdental.care.ui.appointments.OnlineConsultationActivity" />
111-->src\main\AndroidManifest.xml:97:9-80
111-->src\main\AndroidManifest.xml:97:19-77
112        <activity android:name="com.smartdental.care.ui.appointments.PatientReportsActivity" />
112-->src\main\AndroidManifest.xml:98:9-76
112-->src\main\AndroidManifest.xml:98:19-73
113
114        <!-- Reminder alarm receiver -->
115        <receiver
115-->src\main\AndroidManifest.xml:101:9-103:40
116            android:name="com.smartdental.care.util.ReminderReceiver"
116-->src\main\AndroidManifest.xml:102:13-50
117            android:exported="false" />
117-->src\main\AndroidManifest.xml:103:13-37
118
119        <provider
119-->[androidx.emoji2:emoji2:1.2.0] AndroidManifest.xml:24:9-32:20
120            android:name="androidx.startup.InitializationProvider"
120-->[androidx.emoji2:emoji2:1.2.0] AndroidManifest.xml:25:13-67
121            android:authorities="com.smartdental.care.androidx-startup"
121-->[androidx.emoji2:emoji2:1.2.0] AndroidManifest.xml:26:13-68
122            android:exported="false" >
122-->[androidx.emoji2:emoji2:1.2.0] AndroidManifest.xml:27:13-37
123            <meta-data
123-->[androidx.emoji2:emoji2:1.2.0] AndroidManifest.xml:29:13-31:52
124                android:name="androidx.emoji2.text.EmojiCompatInitializer"
124-->[androidx.emoji2:emoji2:1.2.0] AndroidManifest.xml:30:17-75
125                android:value="androidx.startup" />
125-->[androidx.emoji2:emoji2:1.2.0] AndroidManifest.xml:31:17-49
126            <meta-data
126-->[io.github.jan-tennert.supabase:storage-kt-android-debug:2.6.1] AndroidManifest.xml:14:13-16:52
127                android:name="io.github.jan.supabase.storage.SupabaseInitializer"
127-->[io.github.jan-tennert.supabase:storage-kt-android-debug:2.6.1] AndroidManifest.xml:15:17-82
128                android:value="androidx.startup" />
128-->[io.github.jan-tennert.supabase:storage-kt-android-debug:2.6.1] AndroidManifest.xml:16:17-49
129            <meta-data
129-->[io.github.jan-tennert.supabase:gotrue-kt-android-debug:2.6.1] AndroidManifest.xml:14:13-16:52
130                android:name="io.github.jan.supabase.gotrue.SupabaseInitializer"
130-->[io.github.jan-tennert.supabase:gotrue-kt-android-debug:2.6.1] AndroidManifest.xml:15:17-81
131                android:value="androidx.startup" />
131-->[io.github.jan-tennert.supabase:gotrue-kt-android-debug:2.6.1] AndroidManifest.xml:16:17-49
132            <meta-data
132-->[androidx.lifecycle:lifecycle-process:2.8.4] AndroidManifest.xml:29:13-31:52
133                android:name="androidx.lifecycle.ProcessLifecycleInitializer"
133-->[androidx.lifecycle:lifecycle-process:2.8.4] AndroidManifest.xml:30:17-78
134                android:value="androidx.startup" />
134-->[androidx.lifecycle:lifecycle-process:2.8.4] AndroidManifest.xml:31:17-49
135            <meta-data
135-->[com.russhwolf:multiplatform-settings-no-arg-android-debug:1.1.1] AndroidManifest.xml:29:13-31:52
136                android:name="com.russhwolf.settings.SettingsInitializer"
136-->[com.russhwolf:multiplatform-settings-no-arg-android-debug:1.1.1] AndroidManifest.xml:30:17-74
137                android:value="androidx.startup" />
137-->[com.russhwolf:multiplatform-settings-no-arg-android-debug:1.1.1] AndroidManifest.xml:31:17-49
138            <meta-data
138-->[androidx.profileinstaller:profileinstaller:1.3.1] AndroidManifest.xml:29:13-31:52
139                android:name="androidx.profileinstaller.ProfileInstallerInitializer"
139-->[androidx.profileinstaller:profileinstaller:1.3.1] AndroidManifest.xml:30:17-85
140                android:value="androidx.startup" />
140-->[androidx.profileinstaller:profileinstaller:1.3.1] AndroidManifest.xml:31:17-49
141        </provider>
142
143        <receiver
143-->[androidx.profileinstaller:profileinstaller:1.3.1] AndroidManifest.xml:34:9-52:20
144            android:name="androidx.profileinstaller.ProfileInstallReceiver"
144-->[androidx.profileinstaller:profileinstaller:1.3.1] AndroidManifest.xml:35:13-76
145            android:directBootAware="false"
145-->[androidx.profileinstaller:profileinstaller:1.3.1] AndroidManifest.xml:36:13-44
146            android:enabled="true"
146-->[androidx.profileinstaller:profileinstaller:1.3.1] AndroidManifest.xml:37:13-35
147            android:exported="true"
147-->[androidx.profileinstaller:profileinstaller:1.3.1] AndroidManifest.xml:38:13-36
148            android:permission="android.permission.DUMP" >
148-->[androidx.profileinstaller:profileinstaller:1.3.1] AndroidManifest.xml:39:13-57
149            <intent-filter>
149-->[androidx.profileinstaller:profileinstaller:1.3.1] AndroidManifest.xml:40:13-42:29
150                <action android:name="androidx.profileinstaller.action.INSTALL_PROFILE" />
150-->[androidx.profileinstaller:profileinstaller:1.3.1] AndroidManifest.xml:41:17-91
150-->[androidx.profileinstaller:profileinstaller:1.3.1] AndroidManifest.xml:41:25-88
151            </intent-filter>
152            <intent-filter>
152-->[androidx.profileinstaller:profileinstaller:1.3.1] AndroidManifest.xml:43:13-45:29
153                <action android:name="androidx.profileinstaller.action.SKIP_FILE" />
153-->[androidx.profileinstaller:profileinstaller:1.3.1] AndroidManifest.xml:44:17-85
153-->[androidx.profileinstaller:profileinstaller:1.3.1] AndroidManifest.xml:44:25-82
154            </intent-filter>
155            <intent-filter>
155-->[androidx.profileinstaller:profileinstaller:1.3.1] AndroidManifest.xml:46:13-48:29
156                <action android:name="androidx.profileinstaller.action.SAVE_PROFILE" />
156-->[androidx.profileinstaller:profileinstaller:1.3.1] AndroidManifest.xml:47:17-88
156-->[androidx.profileinstaller:profileinstaller:1.3.1] AndroidManifest.xml:47:25-85
157            </intent-filter>
158            <intent-filter>
158-->[androidx.profileinstaller:profileinstaller:1.3.1] AndroidManifest.xml:49:13-51:29
159                <action android:name="androidx.profileinstaller.action.BENCHMARK_OPERATION" />
159-->[androidx.profileinstaller:profileinstaller:1.3.1] AndroidManifest.xml:50:17-95
159-->[androidx.profileinstaller:profileinstaller:1.3.1] AndroidManifest.xml:50:25-92
160            </intent-filter>
161        </receiver>
162    </application>
163
164</manifest>